<?xml version="1.0" encoding="UTF-8"?>
<!-- Generated by org.testng.reporters.JUnitReportReporter -->
<testsuite hostname="QB-TP3-2766" failures="0" tests="3" name="usingmaven.SubmitorderTest" time="34.851" errors="0" timestamp="2022-11-16T16:47:41 IST" skipped="0">
  <testcase classname="usingmaven.SubmitorderTest" name="SubmitOrder" time="16.001"/>
  <system-out/>
  <testcase classname="usingmaven.SubmitorderTest" name="verifyOrder" time="2.572"/>
  <system-out/>
  <testcase classname="usingmaven.SubmitorderTest" name="SubmitOrder" time="16.278"/>
  <system-out/>
</testsuite> <!-- usingmaven.SubmitorderTest -->
